<?xml version="1.0" encoding="UTF-8" ?>
<testsuite tests="6" failures="0" name="TestSuite" time="2.895" errors="0" skipped="0">
  <properties>
[...]
</properties>
  <testcase classname="com.xzy.cases.LoginTest" name="login" time="0.117"/>
  <testcase classname="com.xzy.cases.LoginTest" name="login" time="0.006"/>
  <testcase classname="com.xzy.cases.AddUserTest" name="addUser" time="0.008"/>
  <testcase classname="com.xzy.cases.GetUserInfoListTest" name="getUserListInfo" time="0.122"/>
  <testcase classname="com.xzy.cases.GetUserInfoListTest" name="getUserListInfo" time="0.089"/>
  <testcase classname="com.xzy.cases.GetUserInfoListTest" name="getUserListInfo" time="0.041"/>
</testsuite>