<?xml version="1.0" encoding="UTF-8"?>
<testsuite name="用户管理系统测试用例"
           tests="3"
           failures="0"
           errors="0"
           skipped="0"
           time="0.251">
  <properties />
  
  
            <testcase name="getUserListInfo" time="0.122" classname="com.xzy.cases.GetUserInfoListTest" />
                <testcase name="getUserListInfo" time="0.088" classname="com.xzy.cases.GetUserInfoListTest" />
                <testcase name="getUserListInfo" time="0.041" classname="com.xzy.cases.GetUserInfoListTest" />
      
</testsuite>
