<?xml version="1.0" encoding="UTF-8"?>
<!-- Generated by org.testng.reporters.JUnitXMLReporter -->
<testsuite hostname="MS-IHLHSUGVAJJH" ignored="0" name="用户管理系统测试用例" tests="6" failures="0" timestamp="03 七月 2022 05:15:02 GMT" time="1.221" errors="0">
  <testcase name="login" time="0.117" classname="com.xzy.cases.LoginTest"/>
  <testcase name="login" time="0.006" classname="com.xzy.cases.LoginTest"/>
  <testcase name="addUser" time="0.008" classname="com.xzy.cases.AddUserTest"/>
  <testcase name="getUserListInfo" time="0.122" classname="com.xzy.cases.GetUserInfoListTest"/>
  <testcase name="getUserListInfo" time="0.088" classname="com.xzy.cases.GetUserInfoListTest"/>
  <testcase name="getUserListInfo" time="0.041" classname="com.xzy.cases.GetUserInfoListTest"/>
</testsuite> <!-- 用户管理系统测试用例 -->
